#
# A fatal error has been detected by the Java Runtime Environment:
#
#  EXCEPTION_ACCESS_VIOLATION (0xc0000005) at pc=0x00007ffb30cfb9a0, pid=31304, tid=71588
#
# JRE version: Java(TM) SE Runtime Environment (11.0.5+10) (build 11.0.5+10-LTS)
# Java VM: Java HotSpot(TM) 64-Bit Server VM (11.0.5+10-LTS, mixed mode, tiered, compressed oops, parallel gc, windows-amd64)
# Problematic frame:
# V  [jvm.dll+0x38b9a0]
#
# No core dump will be written. Minidumps are not enabled by default on client versions of Windows
#
# If you would like to submit a bug report, please visit:
#   http://bugreport.java.com/bugreport/crash.jsp
#

---------------  S U M M A R Y ------------

Command Line: --add-modules=ALL-SYSTEM --add-opens=java.base/java.util=ALL-UNNAMED --add-opens=java.base/java.lang=ALL-UNNAMED -Declipse.application=org.eclipse.jdt.ls.core.id1 -Dosgi.bundles.defaultStartLevel=4 -Declipse.product=org.eclipse.jdt.ls.core.product -Dfile.encoding=utf8 -DwatchParentProcess=false -XX:+UseParallelGC -XX:GCTimeRatio=4 -XX:AdaptiveSizePolicyWeight=90 -Dsun.zip.disableMemoryMapping=true -Xmx1G -Xms100m -Xverify:none c:\Users\anh17\.vscode\extensions\redhat.java-1.0.0\server\plugins\org.eclipse.equinox.launcher_1.6.400.v20210924-0641.jar -configuration c:\Users\anh17\AppData\Roaming\Code\User\globalStorage\redhat.java\1.0.0\config_ss_win -data c:\Users\anh17\AppData\Roaming\Code\User\workspaceStorage\725499ff8f2916c9b413370d2e07c736\redhat.java\ss_ws

Host: Intel(R) Core(TM) i7-8550U CPU @ 1.80GHz, 8 cores, 11G,  Windows 10 , 64 bit Build 19041 (10.0.19041.1202)
Time: Wed Oct 27 01:17:28 2021 Central Daylight Time elapsed time: 12 seconds (0d 0h 0m 12s)

---------------  T H R E A D  ---------------

Current thread (0x000001bfd0697000):  JavaThread "pool-1-thread-1" [_thread_in_vm, id=71588, stack(0x0000004e80d00000,0x0000004e80e00000)]

Stack: [0x0000004e80d00000,0x0000004e80e00000],  sp=0x0000004e80dfd940,  free space=1014k
Native frames: (J=compiled Java code, j=interpreted, Vv=VM code, C=native code)
V  [jvm.dll+0x38b9a0]
C  0x000001bfbc33d657

Java frames: (J=compiled Java code, j=interpreted, Vv=VM code)
j  org.eclipse.jdt.internal.compiler.parser.Scanner.getNextToken0()I+93
j  org.eclipse.jdt.internal.compiler.parser.Scanner.getNextToken()I+47
j  org.eclipse.jdt.internal.compiler.parser.Parser.fetchNextToken()I+4
j  org.eclipse.jdt.internal.compiler.parser.Parser.parse()V+329
j  org.eclipse.jdt.internal.compiler.parser.Parser.parse(Lorg/eclipse/jdt/internal/compiler/env/ICompilationUnit;Lorg/eclipse/jdt/internal/compiler/CompilationResult;II)Lorg/eclipse/jdt/internal/compiler/ast/CompilationUnitDeclaration;+178
j  org.eclipse.jdt.internal.compiler.parser.Parser.parse(Lorg/eclipse/jdt/internal/compiler/env/ICompilationUnit;Lorg/eclipse/jdt/internal/compiler/CompilationResult;)Lorg/eclipse/jdt/internal/compiler/ast/CompilationUnitDeclaration;+5
j  org.eclipse.jdt.internal.compiler.parser.Parser.dietParse(Lorg/eclipse/jdt/internal/compiler/env/ICompilationUnit;Lorg/eclipse/jdt/internal/compiler/CompilationResult;)Lorg/eclipse/jdt/internal/compiler/ast/CompilationUnitDeclaration;+25
j  org.eclipse.jdt.core.dom.CompilationUnitResolver.parse(Lorg/eclipse/jdt/internal/compiler/env/ICompilationUnit;Lorg/eclipse/jdt/core/dom/NodeSearcher;Ljava/util/Map;I)Lorg/eclipse/jdt/internal/compiler/ast/CompilationUnitDeclaration;+117
j  org.eclipse.jdt.core.dom.ASTParser.internalCreateAST(Lorg/eclipse/core/runtime/IProgressMonitor;)Lorg/eclipse/jdt/core/dom/ASTNode;+982
j  org.eclipse.jdt.core.dom.ASTParser.createAST(Lorg/eclipse/core/runtime/IProgressMonitor;)Lorg/eclipse/jdt/core/dom/ASTNode;+39
j  org.eclipse.jdt.ls.core.internal.JDTUtils.getPackageName(Lorg/eclipse/jdt/core/IJavaProject;Ljava/lang/String;)Ljava/lang/String;+37
j  org.eclipse.jdt.ls.core.internal.JDTUtils.getPackageName(Lorg/eclipse/jdt/core/IJavaProject;Ljava/net/URI;)Ljava/lang/String;+194
j  org.eclipse.jdt.ls.core.internal.managers.InvisibleProjectImporter.getPackageName(Lorg/eclipse/core/runtime/IPath;Lorg/eclipse/core/runtime/IPath;Lorg/eclipse/jdt/core/IJavaProject;[[Ljava/lang/String;)Ljava/lang/String;+60
j  org.eclipse.jdt.ls.core.internal.managers.InvisibleProjectImporter.getPackageName(Lorg/eclipse/core/runtime/IPath;Lorg/eclipse/core/runtime/IPath;[[Ljava/lang/String;)Ljava/lang/String;+32
j  org.eclipse.jdt.ls.core.internal.managers.InvisibleProjectImporter.tryResolveSourceDirectory(Lorg/eclipse/core/runtime/IPath;Lorg/eclipse/core/runtime/IPath;[[Ljava/lang/String;)Lorg/eclipse/core/runtime/IPath;+3
j  org.eclipse.jdt.ls.core.internal.syntaxserver.SyntaxDocumentLifeCycleHandler.tryUpdateClasspath(Lorg/eclipse/core/runtime/IPath;Lorg/eclipse/core/runtime/IPath;)Z+51
j  org.eclipse.jdt.ls.core.internal.syntaxserver.SyntaxDocumentLifeCycleHandler.resolveCompilationUnit(Ljava/lang/String;)Lorg/eclipse/jdt/core/ICompilationUnit;+82
j  org.eclipse.jdt.ls.core.internal.handlers.BaseDocumentLifeCycleHandler.handleOpen(Lorg/eclipse/lsp4j/DidOpenTextDocumentParams;)Lorg/eclipse/jdt/core/ICompilationUnit;+10
j  org.eclipse.jdt.ls.core.internal.handlers.BaseDocumentLifeCycleHandler$5.run(Lorg/eclipse/core/runtime/IProgressMonitor;)V+8
j  org.eclipse.core.internal.resources.Workspace.run(Lorg/eclipse/core/runtime/ICoreRunnable;Lorg/eclipse/core/runtime/jobs/ISchedulingRule;ILorg/eclipse/core/runtime/IProgressMonitor;)V+69
j  org.eclipse.core.internal.resources.Workspace.run(Lorg/eclipse/core/resources/IWorkspaceRunnable;Lorg/eclipse/core/runtime/jobs/ISchedulingRule;ILorg/eclipse/core/runtime/IProgressMonitor;)V+6
j  org.eclipse.jdt.ls.core.internal.handlers.BaseDocumentLifeCycleHandler.didOpen(Lorg/eclipse/lsp4j/DidOpenTextDocumentParams;)V+59
j  org.eclipse.jdt.ls.core.internal.syntaxserver.SyntaxLanguageServer.didOpen(Lorg/eclipse/lsp4j/DidOpenTextDocumentParams;)V+11
v  ~StubRoutines::call_stub
j  jdk.internal.reflect.NativeMethodAccessorImpl.invoke0(Ljava/lang/reflect/Method;Ljava/lang/Object;[Ljava/lang/Object;)Ljava/lang/Object;+0 java.base@11.0.5
j  jdk.internal.reflect.NativeMethodAccessorImpl.invoke(Ljava/lang/Object;[Ljava/lang/Object;)Ljava/lang/Object;+100 java.base@11.0.5
J 1002 c1 jdk.internal.reflect.DelegatingMethodAccessorImpl.invoke(Ljava/lang/Object;[Ljava/lang/Object;)Ljava/lang/Object; java.base@11.0.5 (10 bytes) @ 0x000001bfbca77e5c [0x000001bfbca77d60+0x00000000000000fc]
J 1001 c1 java.lang.reflect.Method.invoke(Ljava/lang/Object;[Ljava/lang/Object;)Ljava/lang/Object; java.base@11.0.5 (65 bytes) @ 0x000001bfbca7784c [0x000001bfbca77520+0x000000000000032c]
j  org.eclipse.lsp4j.jsonrpc.services.GenericEndpoint.lambda$null$0(Lorg/eclipse/lsp4j/jsonrpc/services/AnnotationUtil$MethodInfo;Ljava/lang/Object;Ljava/lang/Object;)Ljava/util/concurrent/CompletableFuture;+20
j  org.eclipse.lsp4j.jsonrpc.services.GenericEndpoint$$Lambda$170.apply(Ljava/lang/Object;)Ljava/lang/Object;+13
j  org.eclipse.lsp4j.jsonrpc.services.GenericEndpoint.notify(Ljava/lang/String;Ljava/lang/Object;)V+18
j  org.eclipse.lsp4j.jsonrpc.RemoteEndpoint.handleNotification(Lorg/eclipse/lsp4j/jsonrpc/messages/NotificationMessage;)V+20
j  org.eclipse.lsp4j.jsonrpc.RemoteEndpoint.consume(Lorg/eclipse/lsp4j/jsonrpc/messages/Message;)V+14
j  org.eclipse.lsp4j.jsonrpc.json.StreamMessageProducer.handleMessage(Ljava/io/InputStream;Lorg/eclipse/lsp4j/jsonrpc/json/StreamMessageProducer$Headers;)Z+99
j  org.eclipse.lsp4j.jsonrpc.json.StreamMessageProducer.listen(Lorg/eclipse/lsp4j/jsonrpc/MessageConsumer;)V+158
j  org.eclipse.lsp4j.jsonrpc.json.ConcurrentMessageProcessor.run()V+12
j  java.util.concurrent.Executors$RunnableAdapter.call()Ljava/lang/Object;+4 java.base@11.0.5
j  java.util.concurrent.FutureTask.run()V+39 java.base@11.0.5
j  java.util.concurrent.ThreadPoolExecutor.runWorker(Ljava/util/concurrent/ThreadPoolExecutor$Worker;)V+92 java.base@11.0.5
j  java.util.concurrent.ThreadPoolExecutor$Worker.run()V+5 java.base@11.0.5
j  java.lang.Thread.run()V+11 java.base@11.0.5
v  ~StubRoutines::call_stub

siginfo: EXCEPTION_ACCESS_VIOLATION (0xc0000005), reading address 0x00000000ecca53ec


Register to memory mapping:

RIP=0x00007ffb30cfb9a0 jvm.dll
RAX=0x000000000000000c is an unknown value
RBX=0x0000000000002631 is an unknown value
RCX=0x0000004e80dfd970 is pointing into the stack for thread: 0x000001bfd0697000
RDX=0x00007ffb311c6408 jvm.dll
RSP=0x0000004e80dfd940 is pointing into the stack for thread: 0x000001bfd0697000
RBP=0x000001bfd025d6c0 points into unknown readable memory: 00 00 00 00 00 00 00 00
RSI=0x000001bfd0c950a0 points into unknown readable memory: 02 00 00 00 ff ff ff ff
RDI=0x000001bfd0697000 is a thread
R8 =0x0000000000002631 is an unknown value
R9 =0x0000000000000006 is an unknown value
R10=0x000001bfd0cbcc70 points into unknown readable memory: 05 00 00 00 3c 00 00 00
R11=0x0000004e80dfd930 is pointing into the stack for thread: 0x000001bfd0697000
R12=0x00000000ecca53e0 is an unallocated location in the heap
R13=0x00000000000003d8 is an unknown value
R14=0x000001bfd025d6d0 points into unknown readable memory: 40 c5 1c 31 fb 7f 00 00
R15=0x000001bfd025daa8 points into unknown readable memory: 00 00 00 00 00 00 00 00


Registers:
RAX=0x000000000000000c, RBX=0x0000000000002631, RCX=0x0000004e80dfd970, RDX=0x00007ffb311c6408
RSP=0x0000004e80dfd940, RBP=0x000001bfd025d6c0, RSI=0x000001bfd0c950a0, RDI=0x000001bfd0697000
R8 =0x0000000000002631, R9 =0x0000000000000006, R10=0x000001bfd0cbcc70, R11=0x0000004e80dfd930
R12=0x00000000ecca53e0, R13=0x00000000000003d8, R14=0x000001bfd025d6d0, R15=0x000001bfd025daa8
RIP=0x00007ffb30cfb9a0, EFLAGS=0x0000000000010202

Top of Stack: (sp=0x0000004e80dfd940)
0x0000004e80dfd940:   0000000000002631 000000000000000d
0x0000004e80dfd950:   000001bfd2671a08 0000000000000000
0x0000004e80dfd960:   0000004e80dfd978 0000004e80dfd9c8
0x0000004e80dfd970:   00007ffb311c61f8 0000005000000000
0x0000004e80dfd980:   0000000000000000 0000000000000000
0x0000004e80dfd990:   0000000000000000 0000000000000000
0x0000004e80dfd9a0:   0000000000000000 000001bfd025d6d0
0x0000004e80dfd9b0:   0000000000000000 0000000000000100
0x0000004e80dfd9c0:   0000004e80dfd900 000001bfd416d790
0x0000004e80dfd9d0:   000001bfd0697000 0000004e80dfdaf8
0x0000004e80dfd9e0:   000001bfd4169845 0000000000000004
0x0000004e80dfd9f0:   0000000000002631 000001bfbc33d657
0x0000004e80dfda00:   000001bfd0697000 0000004e80dfda78
0x0000004e80dfda10:   000000000000000d 0000000000000000
0x0000004e80dfda20:   00000000ecca53e0 000001bfbc33d611
0x0000004e80dfda30:   0000004e80dfda30 000001bfd4169845 

Instructions: (pc=0x00007ffb30cfb9a0)
0x00007ffb30cfb980:   b8 6c 00 00 48 8d 15 7d aa 4c 00 b9 0c 00 00 00
0x00007ffb30cfb990:   b8 10 00 00 00 0f 45 c1 44 8b c3 48 8d 4c 24 30
0x00007ffb30cfb9a0:   46 8b 0c 20 e8 87 c7 2a 00 48 8b 1d 60 1e 70 00
0x00007ffb30cfb9b0:   48 8d 4c 24 30 e8 36 b8 2a 00 4c 8b cb 48 89 44 


Stack slot to memory mapping:
stack at sp + 0 slots: 0x0000000000002631 is an unknown value
stack at sp + 1 slots: 0x000000000000000d is an unknown value
stack at sp + 2 slots: {method} {0x000001bfd2671a10} 'isWhitespace' '(C)Z' in 'org/eclipse/jdt/core/compiler/CharOperation'
stack at sp + 3 slots: 0x0 is NULL
stack at sp + 4 slots: 0x0000004e80dfd978 is pointing into the stack for thread: 0x000001bfd0697000
stack at sp + 5 slots: 0x0000004e80dfd9c8 is pointing into the stack for thread: 0x000001bfd0697000
stack at sp + 6 slots: 0x00007ffb311c61f8 jvm.dll
stack at sp + 7 slots: 0x0000005000000000 is an unknown value


---------------  P R O C E S S  ---------------

Threads class SMR info:
_java_thread_list=0x000001bfd1014ea0, length=19, elements={
0x000001bfb3fcb000, 0x000001bfb4092000, 0x000001bfb4094000, 0x000001bfcedb4800,
0x000001bfcedb5800, 0x000001bfcdd2d000, 0x000001bfced67800, 0x000001bfced6e000,
0x000001bfcef08000, 0x000001bfcefe4000, 0x000001bfd066d800, 0x000001bfd0a6c000,
0x000001bfd0d60800, 0x000001bfd0595800, 0x000001bfd11e8000, 0x000001bfd1252800,
0x000001bfd1716000, 0x000001bfd0697000, 0x000001bfd0b65000
}

Java Threads: ( => current thread )
  0x000001bfb3fcb000 JavaThread "main" [_thread_blocked, id=60480, stack(0x0000004eff000000,0x0000004eff100000)]
  0x000001bfb4092000 JavaThread "Reference Handler" daemon [_thread_blocked, id=77588, stack(0x0000004eff300000,0x0000004eff400000)]
  0x000001bfb4094000 JavaThread "Finalizer" daemon [_thread_blocked, id=77048, stack(0x0000004eff400000,0x0000004eff500000)]
  0x000001bfcedb4800 JavaThread "Signal Dispatcher" daemon [_thread_blocked, id=7248, stack(0x0000004eff500000,0x0000004eff600000)]
  0x000001bfcedb5800 JavaThread "Attach Listener" daemon [_thread_blocked, id=14252, stack(0x0000004eff600000,0x0000004eff700000)]
  0x000001bfcdd2d000 JavaThread "C2 CompilerThread0" daemon [_thread_blocked, id=72456, stack(0x0000004eff700000,0x0000004eff800000)]
  0x000001bfced67800 JavaThread "C1 CompilerThread0" daemon [_thread_blocked, id=63456, stack(0x0000004eff800000,0x0000004eff900000)]
  0x000001bfced6e000 JavaThread "Sweeper thread" daemon [_thread_blocked, id=65432, stack(0x0000004eff900000,0x0000004effa00000)]
  0x000001bfcef08000 JavaThread "Common-Cleaner" daemon [_thread_blocked, id=77768, stack(0x0000004effa00000,0x0000004effb00000)]
  0x000001bfcefe4000 JavaThread "Service Thread" daemon [_thread_blocked, id=35228, stack(0x0000004effc00000,0x0000004effd00000)]
  0x000001bfd066d800 JavaThread "Active Thread: Equinox Container: 8e791956-802d-40f0-950a-53335e0d7f68" [_thread_blocked, id=69812, stack(0x0000004effe00000,0x0000004efff00000)]
  0x000001bfd0a6c000 JavaThread "Framework Event Dispatcher: Equinox Container: 8e791956-802d-40f0-950a-53335e0d7f68" daemon [_thread_blocked, id=40044, stack(0x0000004efff00000,0x0000004f00000000)]
  0x000001bfd0d60800 JavaThread "Start Level: Equinox Container: 8e791956-802d-40f0-950a-53335e0d7f68" daemon [_thread_blocked, id=69572, stack(0x0000004e80000000,0x0000004e80100000)]
  0x000001bfd0595800 JavaThread "SCR Component Actor" daemon [_thread_blocked, id=60460, stack(0x0000004e80100000,0x0000004e80200000)]
  0x000001bfd11e8000 JavaThread "Worker-JM" [_thread_blocked, id=59144, stack(0x0000004e80600000,0x0000004e80700000)]
  0x000001bfd1252800 JavaThread "Worker-0" [_thread_blocked, id=70536, stack(0x0000004e80700000,0x0000004e80800000)]
  0x000001bfd1716000 JavaThread "Worker-1" [_thread_blocked, id=69116, stack(0x0000004e80c00000,0x0000004e80d00000)]
=>0x000001bfd0697000 JavaThread "pool-1-thread-1" [_thread_in_vm, id=71588, stack(0x0000004e80d00000,0x0000004e80e00000)]
  0x000001bfd0b65000 JavaThread "Worker-2" [_thread_blocked, id=65408, stack(0x0000004e80e00000,0x0000004e80f00000)]

Other Threads:
  0x000001bfced62000 VMThread "VM Thread" [stack: 0x0000004eff200000,0x0000004eff300000] [id=74916]
  0x000001bfcefe7000 WatcherThread [stack: 0x0000004effd00000,0x0000004effe00000] [id=74760]
  0x000001bfb3fdd000 GCTaskThread "ParGC Thread#0" [stack: 0x0000004eff100000,0x0000004eff200000] [id=78424]
  0x000001bfd0391000 GCTaskThread "ParGC Thread#1" [stack: 0x0000004e80200000,0x0000004e80300000] [id=65988]
  0x000001bfd0391800 GCTaskThread "ParGC Thread#2" [stack: 0x0000004e80300000,0x0000004e80400000] [id=75216]
  0x000001bfd0392800 GCTaskThread "ParGC Thread#3" [stack: 0x0000004e80400000,0x0000004e80500000] [id=22588]
  0x000001bfd1253800 GCTaskThread "ParGC Thread#4" [stack: 0x0000004e80800000,0x0000004e80900000] [id=19164]
  0x000001bfd171a800 GCTaskThread "ParGC Thread#5" [stack: 0x0000004e80900000,0x0000004e80a00000] [id=73076]
  0x000001bfd171b800 GCTaskThread "ParGC Thread#6" [stack: 0x0000004e80a00000,0x0000004e80b00000] [id=78128]
  0x000001bfd17b6800 GCTaskThread "ParGC Thread#7" [stack: 0x0000004e80b00000,0x0000004e80c00000] [id=22932]

Threads with active compile tasks:

VM state:not at safepoint (normal execution)

VM Mutex/Monitor currently owned by a thread: None

Heap address: 0x00000000c0000000, size: 1024 MB, Compressed Oops mode: 32-bit
Narrow klass base: 0x0000000000000000, Narrow klass shift: 3
Compressed class space size: 1073741824 Address: 0x0000000100000000

Heap:
 PSYoungGen      total 24064K, used 434K [0x00000000eab00000, 0x00000000eca00000, 0x0000000100000000)
  eden space 22528K, 1% used [0x00000000eab00000,0x00000000eab6c838,0x00000000ec100000)
  from space 1536K, 0% used [0x00000000ec380000,0x00000000ec380000,0x00000000ec500000)
  to   space 2560K, 0% used [0x00000000ec780000,0x00000000ec780000,0x00000000eca00000)
 ParOldGen       total 68608K, used 21951K [0x00000000c0000000, 0x00000000c4300000, 0x00000000eab00000)
  object space 68608K, 31% used [0x00000000c0000000,0x00000000c156fcb0,0x00000000c4300000)
 Metaspace       used 33646K, capacity 35536K, committed 35672K, reserved 1081344K
  class space    used 3165K, capacity 3858K, committed 3968K, reserved 1048576K

Card table byte_map: [0x000001bfb39b0000,0x000001bfb3bc0000] _byte_map_base: 0x000001bfb33b0000

Marking Bits: (ParMarkBitMap*) 0x00007ffb313ded10
 Begin Bits: [0x000001bfcb330000, 0x000001bfcc330000)
 End Bits:   [0x000001bfcc330000, 0x000001bfcd330000)

Polling page: 0x000001bfb37a0000

Metaspace:

Usage:
  Non-class:     30.94 MB capacity,    29.77 MB ( 96%) used,     1.10 MB (  4%) free+waste,    73.94 KB ( <1%) overhead. 
      Class:      3.77 MB capacity,     3.09 MB ( 82%) used,   656.55 KB ( 17%) free+waste,    35.63 KB ( <1%) overhead. 
       Both:     34.70 MB capacity,    32.86 MB ( 95%) used,     1.74 MB (  5%) free+waste,   109.56 KB ( <1%) overhead. 

Virtual space:
  Non-class space:       32.00 MB reserved,      30.96 MB ( 97%) committed 
      Class space:        1.00 GB reserved,       3.88 MB ( <1%) committed 
             Both:        1.03 GB reserved,      34.84 MB (  3%) committed 

Chunk freelists:
   Non-Class:  256 bytes
       Class:  1.75 KB
        Both:  2.00 KB

CodeHeap 'non-profiled nmethods': size=120000Kb used=1439Kb max_used=1439Kb free=118560Kb
 bounds [0x000001bfc3e00000, 0x000001bfc4070000, 0x000001bfcb330000]
CodeHeap 'profiled nmethods': size=120000Kb used=6835Kb max_used=6835Kb free=113164Kb
 bounds [0x000001bfbc8d0000, 0x000001bfbcf90000, 0x000001bfc3e00000]
CodeHeap 'non-nmethods': size=5760Kb used=1194Kb max_used=1230Kb free=4565Kb
 bounds [0x000001bfbc330000, 0x000001bfbc5a0000, 0x000001bfbc8d0000]
 total_blobs=4648 nmethods=3089 adapters=463
 compilation: enabled
              stopped_count=0, restarted_count=0
 full_count=0

Compilation events (10 events):
Event: 12.298 Thread 0x000001bfcdd2d000 nmethod 3326 0x000001bfc3f67a90 code [0x000001bfc3f67c20, 0x000001bfc3f67e18]
Event: 12.323 Thread 0x000001bfced67800 3327       3       org.eclipse.jdt.internal.compiler.parser.Scanner::areRestrictedModuleKeywordsActive (21 bytes)
Event: 12.323 Thread 0x000001bfced67800 nmethod 3327 0x000001bfbcf34410 code [0x000001bfbcf345c0, 0x000001bfbcf347b8]
Event: 12.326 Thread 0x000001bfced67800 3328       3       org.eclipse.jdt.internal.compiler.parser.Parser::actFromTokenOrSynthetic (9 bytes)
Event: 12.327 Thread 0x000001bfced67800 nmethod 3328 0x000001bfbcf34890 code [0x000001bfbcf34a60, 0x000001bfbcf34d18]
Event: 12.327 Thread 0x000001bfced67800 3329       3       org.eclipse.jdt.internal.compiler.parser.Parser::tAction (35 bytes)
Event: 12.327 Thread 0x000001bfced67800 nmethod 3329 0x000001bfbcf34e90 code [0x000001bfbcf35060, 0x000001bfbcf35298]
Event: 12.334 Thread 0x000001bfced67800 3330       3       org.eclipse.jdt.internal.compiler.parser.Parser::ntAction (8 bytes)
Event: 12.334 Thread 0x000001bfced67800 nmethod 3330 0x000001bfbcf35410 code [0x000001bfbcf355c0, 0x000001bfbcf35738]
Event: 12.334 Thread 0x000001bfced67800 3331       3       org.eclipse.jdt.internal.compiler.parser.Parser::consumeRule (7754 bytes)

GC Heap History (10 events):
Event: 9.609 GC heap before
{Heap before GC invocations=9 (full 1):
 PSYoungGen      total 30720K, used 30707K [0x00000000eab00000, 0x00000000ed480000, 0x0000000100000000)
  eden space 24064K, 100% used [0x00000000eab00000,0x00000000ec280000,0x00000000ec280000)
  from space 6656K, 99% used [0x00000000ec380000,0x00000000ec9fcf20,0x00000000eca00000)
  to   space 9216K, 0% used [0x00000000ecb80000,0x00000000ecb80000,0x00000000ed480000)
 ParOldGen       total 68608K, used 10495K [0x00000000c0000000, 0x00000000c4300000, 0x00000000eab00000)
  object space 68608K, 15% used [0x00000000c0000000,0x00000000c0a3fce8,0x00000000c4300000)
 Metaspace       used 30874K, capacity 32723K, committed 32896K, reserved 1079296K
  class space    used 2987K, capacity 3641K, committed 3712K, reserved 1048576K
}
Event: 9.616 GC heap after
{Heap after GC invocations=9 (full 1):
 PSYoungGen      total 30720K, used 6994K [0x00000000eab00000, 0x00000000ed280000, 0x0000000100000000)
  eden space 23552K, 0% used [0x00000000eab00000,0x00000000eab00000,0x00000000ec200000)
  from space 7168K, 97% used [0x00000000ecb80000,0x00000000ed254b28,0x00000000ed280000)
  to   space 7680K, 0% used [0x00000000ec380000,0x00000000ec380000,0x00000000ecb00000)
 ParOldGen       total 68608K, used 12494K [0x00000000c0000000, 0x00000000c4300000, 0x00000000eab00000)
  object space 68608K, 18% used [0x00000000c0000000,0x00000000c0c33928,0x00000000c4300000)
 Metaspace       used 30874K, capacity 32723K, committed 32896K, reserved 1079296K
  class space    used 2987K, capacity 3641K, committed 3712K, reserved 1048576K
}
Event: 9.647 GC heap before
{Heap before GC invocations=10 (full 1):
 PSYoungGen      total 30720K, used 30546K [0x00000000eab00000, 0x00000000ed280000, 0x0000000100000000)
  eden space 23552K, 100% used [0x00000000eab00000,0x00000000ec200000,0x00000000ec200000)
  from space 7168K, 97% used [0x00000000ecb80000,0x00000000ed254b28,0x00000000ed280000)
  to   space 7680K, 0% used [0x00000000ec380000,0x00000000ec380000,0x00000000ecb00000)
 ParOldGen       total 68608K, used 12494K [0x00000000c0000000, 0x00000000c4300000, 0x00000000eab00000)
  object space 68608K, 18% used [0x00000000c0000000,0x00000000c0c33928,0x00000000c4300000)
 Metaspace       used 30874K, capacity 32723K, committed 32896K, reserved 1079296K
  class space    used 2987K, capacity 3641K, committed 3712K, reserved 1048576K
}
Event: 9.652 GC heap after
{Heap after GC invocations=10 (full 1):
 PSYoungGen      total 29184K, used 5920K [0x00000000eab00000, 0x00000000ece80000, 0x0000000100000000)
  eden space 23040K, 0% used [0x00000000eab00000,0x00000000eab00000,0x00000000ec180000)
  from space 6144K, 96% used [0x00000000ec380000,0x00000000ec948010,0x00000000ec980000)
  to   space 5120K, 0% used [0x00000000ec980000,0x00000000ec980000,0x00000000ece80000)
 ParOldGen       total 68608K, used 15577K [0x00000000c0000000, 0x00000000c4300000, 0x00000000eab00000)
  object space 68608K, 22% used [0x00000000c0000000,0x00000000c0f36440,0x00000000c4300000)
 Metaspace       used 30874K, capacity 32723K, committed 32896K, reserved 1079296K
  class space    used 2987K, capacity 3641K, committed 3712K, reserved 1048576K
}
Event: 12.057 GC heap before
{Heap before GC invocations=11 (full 1):
 PSYoungGen      total 29184K, used 28960K [0x00000000eab00000, 0x00000000ece80000, 0x0000000100000000)
  eden space 23040K, 100% used [0x00000000eab00000,0x00000000ec180000,0x00000000ec180000)
  from space 6144K, 96% used [0x00000000ec380000,0x00000000ec948010,0x00000000ec980000)
  to   space 5120K, 0% used [0x00000000ec980000,0x00000000ec980000,0x00000000ece80000)
 ParOldGen       total 68608K, used 15577K [0x00000000c0000000, 0x00000000c4300000, 0x00000000eab00000)
  object space 68608K, 22% used [0x00000000c0000000,0x00000000c0f36440,0x00000000c4300000)
 Metaspace       used 31954K, capacity 33840K, committed 34048K, reserved 1079296K
  class space    used 3079K, capacity 3762K, committed 3840K, reserved 1048576K
}
Event: 12.061 GC heap after
{Heap after GC invocations=11 (full 1):
 PSYoungGen      total 27648K, used 4776K [0x00000000eab00000, 0x00000000ece80000, 0x0000000100000000)
  eden space 22528K, 0% used [0x00000000eab00000,0x00000000eab00000,0x00000000ec100000)
  from space 5120K, 93% used [0x00000000ec980000,0x00000000ece2a058,0x00000000ece80000)
  to   space 5632K, 0% used [0x00000000ec380000,0x00000000ec380000,0x00000000ec900000)
 ParOldGen       total 68608K, used 19361K [0x00000000c0000000, 0x00000000c4300000, 0x00000000eab00000)
  object space 68608K, 28% used [0x00000000c0000000,0x00000000c12e8538,0x00000000c4300000)
 Metaspace       used 31954K, capacity 33840K, committed 34048K, reserved 1079296K
  class space    used 3079K, capacity 3762K, committed 3840K, reserved 1048576K
}
Event: 12.336 GC heap before
{Heap before GC invocations=12 (full 1):
 PSYoungGen      total 27648K, used 16351K [0x00000000eab00000, 0x00000000ece80000, 0x0000000100000000)
  eden space 22528K, 51% used [0x00000000eab00000,0x00000000eb64dcf8,0x00000000ec100000)
  from space 5120K, 93% used [0x00000000ec980000,0x00000000ece2a058,0x00000000ece80000)
  to   space 5632K, 0% used [0x00000000ec380000,0x00000000ec380000,0x00000000ec900000)
 ParOldGen       total 68608K, used 19361K [0x00000000c0000000, 0x00000000c4300000, 0x00000000eab00000)
  object space 68608K, 28% used [0x00000000c0000000,0x00000000c12e8538,0x00000000c4300000)
 Metaspace       used 33402K, capacity 35280K, committed 35416K, reserved 1081344K
  class space    used 3165K, capacity 3858K, committed 3968K, reserved 1048576K
}
Event: 12.341 GC heap after
{Heap after GC invocations=12 (full 1):
 PSYoungGen      total 24064K, used 1046K [0x00000000eab00000, 0x00000000eca00000, 0x0000000100000000)
  eden space 22528K, 0% used [0x00000000eab00000,0x00000000eab00000,0x00000000ec100000)
  from space 1536K, 68% used [0x00000000ec380000,0x00000000ec485ba0,0x00000000ec500000)
  to   space 2560K, 0% used [0x00000000ec780000,0x00000000ec780000,0x00000000eca00000)
 ParOldGen       total 68608K, used 24039K [0x00000000c0000000, 0x00000000c4300000, 0x00000000eab00000)
  object space 68608K, 35% used [0x00000000c0000000,0x00000000c1779e08,0x00000000c4300000)
 Metaspace       used 33402K, capacity 35280K, committed 35416K, reserved 1081344K
  class space    used 3165K, capacity 3858K, committed 3968K, reserved 1048576K
}
Event: 12.341 GC heap before
{Heap before GC invocations=13 (full 2):
 PSYoungGen      total 24064K, used 1046K [0x00000000eab00000, 0x00000000eca00000, 0x0000000100000000)
  eden space 22528K, 0% used [0x00000000eab00000,0x00000000eab00000,0x00000000ec100000)
  from space 1536K, 68% used [0x00000000ec380000,0x00000000ec485ba0,0x00000000ec500000)
  to   space 2560K, 0% used [0x00000000ec780000,0x00000000ec780000,0x00000000eca00000)
 ParOldGen       total 68608K, used 24039K [0x00000000c0000000, 0x00000000c4300000, 0x00000000eab00000)
  object space 68608K, 35% used [0x00000000c0000000,0x00000000c1779e08,0x00000000c4300000)
 Metaspace       used 33402K, capacity 35280K, committed 35416K, reserved 1081344K
  class space    used 3165K, capacity 3858K, committed 3968K, reserved 1048576K
}
Event: 12.418 GC heap after
{Heap after GC invocations=13 (full 2):
 PSYoungGen      total 24064K, used 0K [0x00000000eab00000, 0x00000000eca00000, 0x0000000100000000)
  eden space 22528K, 0% used [0x00000000eab00000,0x00000000eab00000,0x00000000ec100000)
  from space 1536K, 0% used [0x00000000ec380000,0x00000000ec380000,0x00000000ec500000)
  to   space 2560K, 0% used [0x00000000ec780000,0x00000000ec780000,0x00000000eca00000)
 ParOldGen       total 68608K, used 21951K [0x00000000c0000000, 0x00000000c4300000, 0x00000000eab00000)
  object space 68608K, 31% used [0x00000000c0000000,0x00000000c156fcb0,0x00000000c4300000)
 Metaspace       used 33402K, capacity 35280K, committed 35416K, reserved 1081344K
  class space    used 3165K, capacity 3858K, committed 3968K, reserved 1048576K
}

Deoptimization events (10 events):
Event: 10.009 Thread 0x000001bfd0697000 Uncommon trap: reason=bimorphic_or_optimized_type_check action=maybe_recompile pc=0x000001bfc3edc85c method=java.util.stream.Sink$ChainedReference.cancellationRequested()Z @ 4 c2
Event: 10.043 Thread 0x000001bfd0697000 Uncommon trap: reason=profile_predicate action=maybe_recompile pc=0x000001bfc3eca92c method=java.util.TreeMap.put(Ljava/lang/Object;Ljava/lang/Object;)Ljava/lang/Object; @ 55 c2
Event: 10.071 Thread 0x000001bfd0697000 Uncommon trap: reason=profile_predicate action=maybe_recompile pc=0x000001bfc3f48c3c method=java.util.TreeMap.getEntryUsingComparator(Ljava/lang/Object;)Ljava/util/TreeMap$Entry; @ 19 c2
Event: 10.071 Thread 0x000001bfd0697000 Uncommon trap: reason=profile_predicate action=maybe_recompile pc=0x000001bfc3eca92c method=java.util.TreeMap.put(Ljava/lang/Object;Ljava/lang/Object;)Ljava/lang/Object; @ 55 c2
Event: 11.494 Thread 0x000001bfd0697000 Uncommon trap: reason=profile_predicate action=maybe_recompile pc=0x000001bfc3eca92c method=java.util.TreeMap.put(Ljava/lang/Object;Ljava/lang/Object;)Ljava/lang/Object; @ 55 c2
Event: 11.525 Thread 0x000001bfd0697000 Uncommon trap: reason=profile_predicate action=maybe_recompile pc=0x000001bfc3f48c3c method=java.util.TreeMap.getEntryUsingComparator(Ljava/lang/Object;)Ljava/util/TreeMap$Entry; @ 19 c2
Event: 11.525 Thread 0x000001bfd0697000 Uncommon trap: reason=profile_predicate action=maybe_recompile pc=0x000001bfc3f48c3c method=java.util.TreeMap.getEntryUsingComparator(Ljava/lang/Object;)Ljava/util/TreeMap$Entry; @ 19 c2
Event: 11.525 Thread 0x000001bfd0697000 Uncommon trap: reason=profile_predicate action=maybe_recompile pc=0x000001bfc3f48c3c method=java.util.TreeMap.getEntryUsingComparator(Ljava/lang/Object;)Ljava/util/TreeMap$Entry; @ 19 c2
Event: 12.281 Thread 0x000001bfd0697000 Uncommon trap: reason=unstable_if action=reinterpret pc=0x000001bfc3f65910 method=java.util.Properties$LineReader.readLine()I @ 435 c2
Event: 12.281 Thread 0x000001bfd0697000 Uncommon trap: reason=unstable_if action=reinterpret pc=0x000001bfc3ea9b18 method=java.util.Properties$LineReader.readLine()I @ 117 c2

Classes redefined (0 events):
No events

Internal exceptions (10 events):
Event: 10.052 Thread 0x000001bfd0697000 Exception <a 'sun/nio/fs/WindowsException'{0x00000000ebde5988}> (0x00000000ebde5988) thrown at [t:/workspace/open/src/hotspot/share/prims/jni.cpp, line 615]
Event: 10.054 Thread 0x000001bfd0697000 Exception <a 'java/io/FileNotFoundException'{0x00000000ebdeb520}> (0x00000000ebdeb520) thrown at [t:/workspace/open/src/hotspot/share/prims/jni.cpp, line 615]
Event: 10.058 Thread 0x000001bfd0697000 Exception <a 'java/io/FileNotFoundException'{0x00000000ebdfdca0}> (0x00000000ebdfdca0) thrown at [t:/workspace/open/src/hotspot/share/prims/jni.cpp, line 615]
Event: 10.060 Thread 0x000001bfd0697000 Exception <a 'sun/nio/fs/WindowsException'{0x00000000ebe05858}> (0x00000000ebe05858) thrown at [t:/workspace/open/src/hotspot/share/prims/jni.cpp, line 615]
Event: 10.066 Thread 0x000001bfd0697000 Exception <a 'sun/nio/fs/WindowsException'{0x00000000ebe1f348}> (0x00000000ebe1f348) thrown at [t:/workspace/open/src/hotspot/share/prims/jni.cpp, line 615]
Event: 10.072 Thread 0x000001bfd0697000 Exception <a 'sun/nio/fs/WindowsException'{0x00000000ebe346b8}> (0x00000000ebe346b8) thrown at [t:/workspace/open/src/hotspot/share/prims/jni.cpp, line 615]
Event: 11.505 Thread 0x000001bfd0697000 Exception <a 'sun/nio/fs/WindowsException'{0x00000000ebf6b5a8}> (0x00000000ebf6b5a8) thrown at [t:/workspace/open/src/hotspot/share/prims/jni.cpp, line 615]
Event: 11.511 Thread 0x000001bfd0697000 Exception <a 'sun/nio/fs/WindowsException'{0x00000000ebf83978}> (0x00000000ebf83978) thrown at [t:/workspace/open/src/hotspot/share/prims/jni.cpp, line 615]
Event: 11.519 Thread 0x000001bfd0697000 Exception <a 'sun/nio/fs/WindowsException'{0x00000000ebfa3830}> (0x00000000ebfa3830) thrown at [t:/workspace/open/src/hotspot/share/prims/jni.cpp, line 615]
Event: 11.525 Thread 0x000001bfd0697000 Exception <a 'sun/nio/fs/WindowsException'{0x00000000ebfc0d08}> (0x00000000ebfc0d08) thrown at [t:/workspace/open/src/hotspot/share/prims/jni.cpp, line 615]

Events (10 events):
Event: 12.281 Thread 0x000001bfd0697000 DEOPT PACKING pc=0x000001bfc3ea9b18 sp=0x0000004e80dfd360
Event: 12.281 Thread 0x000001bfd0697000 DEOPT UNPACKING pc=0x000001bfbc35872f sp=0x0000004e80dfd300 mode 2
Event: 12.285 loading class org/eclipse/jdt/internal/compiler/problem/messages_en
Event: 12.285 loading class org/eclipse/jdt/internal/compiler/problem/messages_en done
Event: 12.285 loading class org/eclipse/jdt/internal/compiler/problem/messages_en_US
Event: 12.285 loading class org/eclipse/jdt/internal/compiler/problem/messages_en_US done
Event: 12.326 Executing VM operation: Deoptimize
Event: 12.327 Executing VM operation: Deoptimize done
Event: 12.336 Executing VM operation: CollectForMetadataAllocation
Event: 12.418 Executing VM operation: CollectForMetadataAllocation done


Dynamic libraries:
0x00007ff756980000 - 0x00007ff7569c7000 	C:\Program Files\Java\jdk-11.0.5\bin\java.exe
0x00007ffbc2c10000 - 0x00007ffbc2e05000 	C:\WINDOWS\SYSTEM32\ntdll.dll
0x00007ffbc1cc0000 - 0x00007ffbc1d7e000 	C:\WINDOWS\System32\KERNEL32.DLL
0x00007ffbc0900000 - 0x00007ffbc0bc9000 	C:\WINDOWS\System32\KERNELBASE.dll
0x00007ffbbc0d0000 - 0x00007ffbbc160000 	C:\WINDOWS\SYSTEM32\apphelp.dll
0x00007ffbc25f0000 - 0x00007ffbc269c000 	C:\WINDOWS\System32\ADVAPI32.dll
0x00007ffbc2550000 - 0x00007ffbc25ee000 	C:\WINDOWS\System32\msvcrt.dll
0x00007ffbc1760000 - 0x00007ffbc17fb000 	C:\WINDOWS\System32\sechost.dll
0x00007ffbc1b90000 - 0x00007ffbc1cba000 	C:\WINDOWS\System32\RPCRT4.dll
0x00007ffbc0c60000 - 0x00007ffbc0e01000 	C:\WINDOWS\System32\USER32.dll
0x00007ffbc0c30000 - 0x00007ffbc0c52000 	C:\WINDOWS\System32\win32u.dll
0x00007ffbc27b0000 - 0x00007ffbc27db000 	C:\WINDOWS\System32\GDI32.dll
0x00007ffbc0360000 - 0x00007ffbc046b000 	C:\WINDOWS\System32\gdi32full.dll
0x00007ffbc0760000 - 0x00007ffbc07fd000 	C:\WINDOWS\System32\msvcp_win.dll
0x00007ffbc0470000 - 0x00007ffbc0570000 	C:\WINDOWS\System32\ucrtbase.dll
0x00007ffb9d7c0000 - 0x00007ffb9da5a000 	C:\WINDOWS\WinSxS\amd64_microsoft.windows.common-controls_6595b64144ccf1df_6.0.19041.1110_none_60b5254171f9507e\COMCTL32.dll
0x00007ffbb36e0000 - 0x00007ffbb36ea000 	C:\WINDOWS\SYSTEM32\VERSION.dll
0x00007ffbc1de0000 - 0x00007ffbc1e10000 	C:\WINDOWS\System32\IMM32.DLL
0x00007ffb94820000 - 0x00007ffb94836000 	C:\Program Files\Java\jdk-11.0.5\bin\vcruntime140.dll
0x00007ffb76af0000 - 0x00007ffb76b9a000 	C:\Program Files\Java\jdk-11.0.5\bin\msvcp140.dll
0x00007ffb30970000 - 0x00007ffb31498000 	C:\Program Files\Java\jdk-11.0.5\bin\server\jvm.dll
0x00007ffbc1b80000 - 0x00007ffbc1b88000 	C:\WINDOWS\System32\PSAPI.DLL
0x00007ffbac7f0000 - 0x00007ffbac7f9000 	C:\WINDOWS\SYSTEM32\WSOCK32.dll
0x00007ffbc2740000 - 0x00007ffbc27ab000 	C:\WINDOWS\System32\WS2_32.dll
0x00007ffbab960000 - 0x00007ffbab987000 	C:\WINDOWS\SYSTEM32\WINMM.dll
0x00007ffbbeef0000 - 0x00007ffbbef02000 	C:\WINDOWS\SYSTEM32\kernel.appcore.dll
0x00007ffb94500000 - 0x00007ffb94511000 	C:\Program Files\Java\jdk-11.0.5\bin\verify.dll
0x00007ffbbe8d0000 - 0x00007ffbbeab4000 	C:\WINDOWS\SYSTEM32\DBGHELP.DLL
0x00007ffbb85d0000 - 0x00007ffbb85fc000 	C:\WINDOWS\SYSTEM32\dbgcore.DLL
0x00007ffbc06d0000 - 0x00007ffbc0753000 	C:\WINDOWS\System32\bcryptPrimitives.dll
0x00007ffb92890000 - 0x00007ffb928b9000 	C:\Program Files\Java\jdk-11.0.5\bin\java.dll
0x00007ffb92c20000 - 0x00007ffb92c36000 	C:\Program Files\Java\jdk-11.0.5\bin\zip.dll
0x00007ffba6920000 - 0x00007ffba692a000 	C:\Program Files\Java\jdk-11.0.5\bin\jimage.dll
0x00007ffbc1e10000 - 0x00007ffbc254f000 	C:\WINDOWS\System32\SHELL32.dll
0x00007ffbbe0e0000 - 0x00007ffbbe870000 	C:\WINDOWS\SYSTEM32\windows.storage.dll
0x00007ffbc1810000 - 0x00007ffbc1b65000 	C:\WINDOWS\System32\combase.dll
0x00007ffbbfbd0000 - 0x00007ffbbfbfc000 	C:\WINDOWS\SYSTEM32\Wldp.dll
0x00007ffbc1000000 - 0x00007ffbc10ad000 	C:\WINDOWS\System32\SHCORE.dll
0x00007ffbc29c0000 - 0x00007ffbc2a15000 	C:\WINDOWS\System32\shlwapi.dll
0x00007ffbc0270000 - 0x00007ffbc028f000 	C:\WINDOWS\SYSTEM32\profapi.dll
0x00007ffb92160000 - 0x00007ffb92179000 	C:\Program Files\Java\jdk-11.0.5\bin\net.dll
0x00007ffbb7bb0000 - 0x00007ffbb7cb8000 	C:\WINDOWS\SYSTEM32\WINHTTP.dll
0x00007ffbbf9b0000 - 0x00007ffbbfa1a000 	C:\WINDOWS\system32\mswsock.dll
0x00007ffb92140000 - 0x00007ffb92153000 	C:\Program Files\Java\jdk-11.0.5\bin\nio.dll
0x00007ffbbfc80000 - 0x00007ffbbfc98000 	C:\WINDOWS\SYSTEM32\CRYPTSP.dll
0x00007ffbbf350000 - 0x00007ffbbf384000 	C:\WINDOWS\system32\rsaenh.dll
0x00007ffbc0330000 - 0x00007ffbc0357000 	C:\WINDOWS\System32\bcrypt.dll
0x00007ffbc0230000 - 0x00007ffbc025e000 	C:\WINDOWS\SYSTEM32\USERENV.dll
0x00007ffbbfb40000 - 0x00007ffbbfb4c000 	C:\WINDOWS\SYSTEM32\CRYPTBASE.dll
0x00007ffbbf6c0000 - 0x00007ffbbf6fb000 	C:\WINDOWS\SYSTEM32\IPHLPAPI.DLL
0x00007ffbc1800000 - 0x00007ffbc1808000 	C:\WINDOWS\System32\NSI.dll
0x00007ffbbdc20000 - 0x00007ffbbdc37000 	C:\WINDOWS\SYSTEM32\dhcpcsvc6.DLL
0x00007ffbbdc00000 - 0x00007ffbbdc1d000 	C:\WINDOWS\SYSTEM32\dhcpcsvc.DLL
0x00007ffbbf750000 - 0x00007ffbbf81c000 	C:\WINDOWS\SYSTEM32\DNSAPI.dll
0x00007ffb9cc00000 - 0x00007ffb9cc3e000 	C:\Users\anh17\AppData\Roaming\Code\User\globalStorage\redhat.java\1.0.0\config_ss_win\org.eclipse.equinox.launcher\org.eclipse.equinox.launcher.win32.win32.x86_64_1.2.400.v20210928-1041\eclipse_11600.dll
0x00007ffbc27e0000 - 0x00007ffbc290a000 	C:\WINDOWS\System32\ole32.dll
0x00007ffba1430000 - 0x00007ffba1441000 	C:\Users\anh17\AppData\Roaming\Code\User\globalStorage\redhat.java\1.0.0\config_ss_win\org.eclipse.osgi\16\0\.cp\jWinHttp-1.0.0.dll

dbghelp: loaded successfully - version: 4.0.5 - missing functions: none
symbol engine: initialized successfully - sym options: 0x614 - pdb path: .;C:\Program Files\Java\jdk-11.0.5\bin;C:\WINDOWS\SYSTEM32;C:\WINDOWS\WinSxS\amd64_microsoft.windows.common-controls_6595b64144ccf1df_6.0.19041.1110_none_60b5254171f9507e;C:\Program Files\Java\jdk-11.0.5\bin\server;C:\Users\anh17\AppData\Roaming\Code\User\globalStorage\redhat.java\1.0.0\config_ss_win\org.eclipse.equinox.launcher\org.eclipse.equinox.launcher.win32.win32.x86_64_1.2.400.v20210928-1041;C:\Users\anh17\AppData\Roaming\Code\User\globalStorage\redhat.java\1.0.0\config_ss_win\org.eclipse.osgi\16\0\.cp

VM Arguments:
jvm_args: --add-modules=ALL-SYSTEM --add-opens=java.base/java.util=ALL-UNNAMED --add-opens=java.base/java.lang=ALL-UNNAMED -Declipse.application=org.eclipse.jdt.ls.core.id1 -Dosgi.bundles.defaultStartLevel=4 -Declipse.product=org.eclipse.jdt.ls.core.product -Dfile.encoding=utf8 -DwatchParentProcess=false -XX:+UseParallelGC -XX:GCTimeRatio=4 -XX:AdaptiveSizePolicyWeight=90 -Dsun.zip.disableMemoryMapping=true -Xmx1G -Xms100m -Xverify:none 
java_command: c:\Users\anh17\.vscode\extensions\redhat.java-1.0.0\server\plugins\org.eclipse.equinox.launcher_1.6.400.v20210924-0641.jar -configuration c:\Users\anh17\AppData\Roaming\Code\User\globalStorage\redhat.java\1.0.0\config_ss_win -data c:\Users\anh17\AppData\Roaming\Code\User\workspaceStorage\725499ff8f2916c9b413370d2e07c736\redhat.java\ss_ws
java_class_path (initial): c:\Users\anh17\.vscode\extensions\redhat.java-1.0.0\server\plugins\org.eclipse.equinox.launcher_1.6.400.v20210924-0641.jar
Launcher Type: SUN_STANDARD

[Global flags]
    uintx AdaptiveSizePolicyWeight                 = 90                                        {product} {command line}
     bool BytecodeVerificationLocal                = false                                     {product} {command line}
     bool BytecodeVerificationRemote               = false                                     {product} {command line}
     intx CICompilerCount                          = 4                                         {product} {ergonomic}
    uintx GCTimeRatio                              = 4                                         {product} {command line}
   size_t InitialHeapSize                          = 104857600                                 {product} {command line}
   size_t MaxHeapSize                              = 1073741824                                {product} {command line}
   size_t MaxNewSize                               = 357564416                                 {product} {ergonomic}
   size_t MinHeapDeltaBytes                        = 524288                                    {product} {ergonomic}
   size_t NewSize                                  = 34603008                                  {product} {ergonomic}
    uintx NonNMethodCodeHeapSize                   = 5836300                                {pd product} {ergonomic}
    uintx NonProfiledCodeHeapSize                  = 122910970                              {pd product} {ergonomic}
   size_t OldSize                                  = 70254592                                  {product} {ergonomic}
    uintx ProfiledCodeHeapSize                     = 122910970                              {pd product} {ergonomic}
    uintx ReservedCodeCacheSize                    = 251658240                              {pd product} {ergonomic}
     bool SegmentedCodeCache                       = true                                      {product} {ergonomic}
     bool UseCompressedClassPointers               = true                                 {lp64_product} {ergonomic}
     bool UseCompressedOops                        = true                                 {lp64_product} {ergonomic}
     bool UseLargePagesIndividualAllocation        = false                                  {pd product} {ergonomic}
     bool UseParallelGC                            = true                                      {product} {command line}

Logging:
Log output configuration:
 #0: stdout all=warning uptime,level,tags
 #1: stderr all=off uptime,level,tags

Environment Variables:
PATH=C:\Program Files\Common Files\Oracle\Java\javapath;C:\Program Files (x86)\NVIDIA Corporation\PhysX\Common;C:\Program Files (x86)\Common Files\Intel\Shared Libraries\redist\intel64\compiler;C:\Program Files (x86)\Intel\iCLS Client\;C:\Program Files\Intel\iCLS Client\;C:\WINDOWS\system32;C:\WINDOWS;C:\WINDOWS\System32\Wbem;C:\WINDOWS\System32\WindowsPowerShell\v1.0\;C:\Program Files (x86)\Intel\Intel(R) Management Engine Components\DAL;C:\Program Files\Intel\Intel(R) Management Engine Components\DAL;C:\Program Files (x86)\Intel\Intel(R) Management Engine Components\IPT;C:\Program Files\Intel\Intel(R) Management Engine Components\IPT;C:\Program Files (x86)\QuickTime\QTSystem\;C:\WINDOWS\System32\OpenSSH\;C:\Program Files\dotnet\;C:\Program Files\Intel\WiFi\bin\;C:\Program Files\Common Files\Intel\WirelessCommon\;C:\Program Files (x86)\Bitvise SSH Client;C:\Program Files (x86)\Brackets\command;C:\Users\anh17\AppData\Roaming\nvm;C:\Program Files\nodejs;C:\Program Files\nodejs\;"C:\Program Files\nodejs;";"C:\Program Files\npm;";C:\Program Files (x86)\sbt\bin;C:\Program Files\Git\cmd;C:\Users\anh17\AppData\Local\Microsoft\WindowsApps;C:\Program Files (x86)\SSH Communications Security\SSH Secure Shell;C:\Users\anh17\AppData\Local\Programs\Microsoft VS Code\bin;C:\Users\anh17\AppData\Roaming\nvm;C:\Program Files\nodejs;C:\Users\anh17\AppData\Roaming\npm;C:\Users\anh17\AppData\Local\GitHubDesktop\bin
USERNAME=anh17
OS=Windows_NT
PROCESSOR_IDENTIFIER=Intel64 Family 6 Model 142 Stepping 10, GenuineIntel



---------------  S Y S T E M  ---------------

OS: Windows 10 , 64 bit Build 19041 (10.0.19041.1202)

CPU:total 8 (initial active 8) (4 cores per cpu, 2 threads per core) family 6 model 142 stepping 10, cmov, cx8, fxsr, mmx, sse, sse2, sse3, ssse3, sse4.1, sse4.2, popcnt, avx, avx2, aes, clmul, erms, 3dnowpref, lzcnt, ht, tsc, tscinvbit, bmi1, bmi2, adx, fma

Memory: 4k page, system-wide physical 12174M (3286M free)
TotalPageFile size 25648M (AvailPageFile size 8511M)
current process WorkingSet (physical memory assigned to process): 158M, peak: 158M
current process commit charge ("private bytes"): 251M, peak: 257M

vm_info: Java HotSpot(TM) 64-Bit Server VM (11.0.5+10-LTS) for windows-amd64 JRE (11.0.5+10-LTS), built on Oct  6 2019 12:37:14 by "mach5one" with MS VC++ 15.5 (VS2017)

END.
